빌드 시작: 2017-02-01 오후 4:38:44
     1>2 노드의 "C:\Users\lee\Desktop\lee_chung_keun\CHIP_material\pwm_tool\pwm_tool\pwm_tool\pwm_tool.vcxproj" 프로젝트(Build 대상)입니다.
     1>ClCompile:
         C:\Program Files (x86)\Microsoft Visual Studio 12.0\VC\bin\CL.exe /c /ZI /nologo /W3 /WX- /sdl /Od /Oy- /D WIN32 /D _DEBUG /D _CONSOLE /D _LIB /D _CRT_SECURE_NO_WARNINGS /D _UNICODE /D UNICODE /Gm /EHsc /RTC1 /MD /GS /fp:precise /Zc:wchar_t /Zc:forScope /Fo"Debug\\" /Fd"Debug\vc120.pdb" /Gd /TP /analyze- /errorReport:prompt pwm_tool.cpp
         pwm_tool.cpp
     1>c:\users\lee\desktop\lee_chung_keun\chip_material\pwm_tool\pwm_tool\pwm_tool\pwm_tool.cpp(47): warning C4129: 'C' : 문자 이스케이프 시퀀스를 인식할 수 없습니다.
     1>c:\users\lee\desktop\lee_chung_keun\chip_material\pwm_tool\pwm_tool\pwm_tool\pwm_tool.cpp(148): warning C4018: '<' : signed 또는 unsigned가 일치하지 않습니다.
     1>c:\users\lee\desktop\lee_chung_keun\chip_material\pwm_tool\pwm_tool\pwm_tool\pwm_tool.cpp(155): warning C4018: '<' : signed 또는 unsigned가 일치하지 않습니다.
     1>c:\users\lee\desktop\lee_chung_keun\chip_material\pwm_tool\pwm_tool\pwm_tool\pwm_tool.cpp(257): warning C4244: '=' : 'double'에서 'float'(으)로 변환하면서 데이터가 손실될 수 있습니다.
     1>c:\users\lee\desktop\lee_chung_keun\chip_material\pwm_tool\pwm_tool\pwm_tool\pwm_tool.cpp(103): warning C4101: 'aa' :참조되지 않은 지역 변수입니다.
     1>c:\users\lee\desktop\lee_chung_keun\chip_material\pwm_tool\pwm_tool\pwm_tool\pwm_tool.cpp(103): warning C4101: 'cc' :참조되지 않은 지역 변수입니다.
     1>c:\users\lee\desktop\lee_chung_keun\chip_material\pwm_tool\pwm_tool\pwm_tool\pwm_tool.cpp(58): warning C4101: 'idx' :참조되지 않은 지역 변수입니다.
     1>c:\users\lee\desktop\lee_chung_keun\chip_material\pwm_tool\pwm_tool\pwm_tool\pwm_tool.cpp(58): warning C4101: 'label' :참조되지 않은 지역 변수입니다.
     1>c:\users\lee\desktop\lee_chung_keun\chip_material\pwm_tool\pwm_tool\pwm_tool\pwm_tool.cpp(58): warning C4101: 'val' :참조되지 않은 지역 변수입니다.
     1>c:\users\lee\desktop\lee_chung_keun\chip_material\pwm_tool\pwm_tool\pwm_tool\pwm_tool.cpp(103): warning C4101: 'gg' :참조되지 않은 지역 변수입니다.
       Link:
         C:\Program Files (x86)\Microsoft Visual Studio 12.0\VC\bin\link.exe /ERRORREPORT:PROMPT /OUT:"C:\Users\lee\Desktop\lee_chung_keun\CHIP_material\pwm_tool\pwm_tool\Debug\pwm_tool.exe" /INCREMENTAL /NOLOGO kernel32.lib user32.lib gdi32.lib winspool.lib comdlg32.lib advapi32.lib shell32.lib ole32.lib oleaut32.lib uuid.lib odbc32.lib odbccp32.lib /MANIFEST /MANIFESTUAC:"level='asInvoker' uiAccess='false'" /manifest:embed /DEBUG /PDB:"C:\Users\lee\Desktop\lee_chung_keun\CHIP_material\pwm_tool\pwm_tool\Debug\pwm_tool.pdb" /SUBSYSTEM:CONSOLE /TLBID:1 /DYNAMICBASE /NXCOMPAT /IMPLIB:"C:\Users\lee\Desktop\lee_chung_keun\CHIP_material\pwm_tool\pwm_tool\Debug\pwm_tool.lib" /MACHINE:X86 Debug\pwm_tool.obj
         pwm_tool.vcxproj -> C:\Users\lee\Desktop\lee_chung_keun\CHIP_material\pwm_tool\pwm_tool\Debug\pwm_tool.exe
     1>"C:\Users\lee\Desktop\lee_chung_keun\CHIP_material\pwm_tool\pwm_tool\pwm_tool\pwm_tool.vcxproj" 프로젝트를 빌드했습니다(Build 대상).

빌드했습니다.

경과 시간: 00:00:06.45
